<?xml version="1.0" encoding="UTF-8"?>
<testng-results ignored="0" total="1" passed="1" failed="0" skipped="0">
  <reporter-output>
  </reporter-output>
  <suite started-at="2021-05-08T23:46:21 IST" name="Default suite" finished-at="2021-05-08T23:46:21 IST" duration-ms="165">
    <groups>
    </groups>
    <test started-at="2021-05-08T23:46:21 IST" name="Default test" finished-at="2021-05-08T23:46:21 IST" duration-ms="165">
      <class name="com.crm.cc.productTest.ProductInfoTest">
        <test-method signature="Demo2()[pri:0, instance:com.crm.cc.productTest.ProductInfoTest@291b4bf5]" started-at="2021-05-08T23:46:21 IST" name="Demo2" finished-at="2021-05-08T23:46:21 IST" duration-ms="51" status="PASS">
          <reporter-output>
          </reporter-output>
        </test-method> <!-- Demo2 -->
      </class> <!-- com.crm.cc.productTest.ProductInfoTest -->
    </test> <!-- Default test -->
  </suite> <!-- Default suite -->
</testng-results>
